[0m[[0m[0mdebug[0m] [0m[0m> Exec({file:/Users/mingming.wang/bitmax/scala-akka-grpc/}schemas/compile, None, None)[0m
[0m[[0m[33mwarn[0m] [0m[0mbuild source files have changed[0m
[0m[[0m[33mwarn[0m] [0m[0mmodified files: [0m
[0m[[0m[33mwarn[0m] [0m[0m  /Users/mingming.wang/bitmax/scala-akka-grpc/build.sbt[0m
[0m[[0m[33mwarn[0m] [0m[0mApply these changes by running `reload`.[0m
[0m[[0m[33mwarn[0m] [0m[0mAutomatically reload the build when source changes are detected by setting `Global / onChangedBuildSource := ReloadOnSourceChanges`.[0m
[0m[[0m[33mwarn[0m] [0m[0mDisable this warning by setting `Global / onChangedBuildSource := IgnoreSourceChanges`.[0m
[0m[[0m[0mdebug[0m] [0m[0mEvaluating tasks: schemas / Compile / compile[0m
[0m[[0m[0mdebug[0m] [0m[0mRunning task... Cancel: Signal, check cycles: false, forcegc: true[0m
[0m[[0m[33mwarn[0m] [0m[0mThere may be incompatibilities among your library dependencies; run 'evicted' to see detailed eviction warnings.[0m
[0m[[0m[0minfo[0m] [0m[0mCompiling 2 protobuf files to /Users/mingming.wang/bitmax/scala-akka-grpc/schemas/target/scala-2.12/akka-grpc/main[0m
[0m[[0m[0minfo[0m] [0m[0mGenerating Akka gRPC service interface for io.schemas.AuthService[0m
[0m[[0m[0minfo[0m] [0m[0mGenerating Akka gRPC service interface for io.schemas.GreeterService[0m
[0m[[0m[0minfo[0m] [0m[0mGenerating Akka gRPC client for io.schemas.AuthService[0m
[0m[[0m[0minfo[0m] [0m[0mGenerating Akka gRPC client for io.schemas.GreeterService[0m
[0m[[0m[0minfo[0m] [0m[0mGenerating Akka gRPC service handler for io.schemas.AuthService[0m
[0m[[0m[0minfo[0m] [0m[0mGenerating Akka gRPC service handler for io.schemas.GreeterService[0m
[0m[[0m[0minfo[0m] [0m[0mcompiling 6 Scala sources to /Users/mingming.wang/bitmax/scala-akka-grpc/schemas/target/scala-2.12/classes ...[0m
[0m[[0m[0minfo[0m] [0m[0mdone compiling[0m
[0m[[0m[0mdebug[0m] [0m[0mForcing garbage collection...[0m
[0m[[0m[32msuccess[0m] [0m[0mTotal time: 6 s, completed 2021-12-2 16:57:30[0m
[0m[[0m[0mdebug[0m] [0m[0m> Exec(idea-shell, None, None)[0m
